<?xml version="1.0" encoding="UTF-8"?>
<!-- Generated by org.testng.reporters.JUnitReportReporter -->
<testsuite hostname="TRPL-PUN-0091" failures="0" tests="1" name="licenseReviewer.LicenseReviewerInternalTC" time="399.845" errors="0" timestamp="2024-02-26T18:25:34 IST" skipped="0">
  <testcase classname="licenseReviewer.LicenseReviewerInternalTC" name="MyReports" time="399.845"/>
  <system-out/>
</testsuite> <!-- licenseReviewer.LicenseReviewerInternalTC -->
