<?xml version="1.0" encoding="UTF-8"?>
<!-- Generated by org.testng.reporters.JUnitReportReporter -->
<testsuite hostname="TRPL-PUN-0091" failures="0" tests="1" name="licenseReviewer.LicenseReviewerstatutoryTC" time="383.154" errors="0" timestamp="2024-02-26T18:14:47 IST" skipped="0">
  <testcase classname="licenseReviewer.LicenseReviewerstatutoryTC" name="MyReports" time="383.154"/>
  <system-out/>
</testsuite> <!-- licenseReviewer.LicenseReviewerstatutoryTC -->
