<?xml version="1.0" encoding="UTF-8"?>
<!-- Generated by org.testng.reporters.JUnitReportReporter -->
<testsuite hostname="TRPL-PUN-0091" failures="0" tests="8" name="licenseManagement.licmgmtInternalTC" time="963.192" errors="0" timestamp="2024-08-28T19:39:34 IST" skipped="0">
  <testcase classname="licenseManagement.licmgmtInternalTC" name="InternalActiveDashboardFilter" time="118.135"/>
  <system-out/>
  <testcase classname="licenseManagement.licmgmtInternalTC" name="InternalExpiringDashboardFilter" time="123.540"/>
  <system-out/>
  <testcase classname="licenseManagement.licmgmtInternalTC" name="InternalExpiredDashboardFilter" time="116.917"/>
  <system-out/>
  <testcase classname="licenseManagement.licmgmtInternalTC" name="InternlAppliedDashboardFilter" time="124.992"/>
  <system-out/>
  <testcase classname="licenseManagement.licmgmtInternalTC" name="InternalRejeectedDashboardFilter" time="112.042"/>
  <system-out/>
  <testcase classname="licenseManagement.licmgmtInternalTC" name="InternalPendingForReviewDashboardFilter" time="126.194"/>
  <system-out/>
  <testcase classname="licenseManagement.licmgmtInternalTC" name="InternalAssignedButNotActivatedDashboardFilter" time="131.498"/>
  <system-out/>
  <testcase classname="licenseManagement.licmgmtInternalTC" name="InternalTerminateDashboardFilter" time="109.874"/>
  <system-out/>
</testsuite> <!-- licenseManagement.licmgmtInternalTC -->
