<?xml version="1.0" encoding="UTF-8"?>
<!-- Generated by org.testng.reporters.JUnitReportReporter -->
<testsuite hostname="ARPL-059" failures="0" tests="2" name="licenseReviewer.LicenseReviewer" time="61.189" errors="0" timestamp="2023-05-18T17:58:44 IST" skipped="0">
  <testcase classname="licenseReviewer.LicenseReviewer" name="Login" time="18.709"/>
  <system-out/>
  <testcase classname="licenseReviewer.LicenseReviewer" name="MyDocuments" time="42.480"/>
  <system-out/>
</testsuite> <!-- licenseReviewer.LicenseReviewer -->
