<?xml version="1.0" encoding="UTF-8"?>
<!-- Generated by org.testng.reporters.JUnitReportReporter -->
<testsuite hostname="TRPL-PUN-0091" failures="0" tests="1" name="licenseManagement.licmgmtStatutoryTC" time="241.994" errors="0" timestamp="2024-08-22T16:38:36 IST" skipped="0">
  <testcase classname="licenseManagement.licmgmtStatutoryTC" name="AssignedButNotActivatedDashboardFilter" time="241.994"/>
  <system-out/>
</testsuite> <!-- licenseManagement.licmgmtStatutoryTC -->
