<?xml version="1.0" encoding="UTF-8"?>
<!-- Generated by org.testng.reporters.JUnitReportReporter -->
<testsuite hostname="TRPL-PUN-0091" failures="0" tests="1" name="licensePerformer.LicensePerformerStatutory" time="75.340" errors="0" timestamp="2024-11-11T13:01:45 IST" skipped="0">
  <testcase classname="licensePerformer.LicensePerformerStatutory" name="TerminateDashboardFilter" time="75.340"/>
  <system-out/>
</testsuite> <!-- licensePerformer.LicensePerformerStatutory -->
