<?xml version="1.0" encoding="UTF-8"?>
<!-- Generated by org.testng.reporters.JUnitReportReporter -->
<testsuite hostname="ARPL-059" failures="0" tests="1" name="licenseCompanyadmin.InternalTC" time="50.917" errors="0" timestamp="2023-07-24T19:27:53 IST" skipped="0">
  <testcase classname="licenseCompanyadmin.InternalTC" name="InternalLicenseCreation" time="50.917"/>
  <system-out/>
</testsuite> <!-- licenseCompanyadmin.InternalTC -->
