<?xml version="1.0" encoding="UTF-8"?>
<!-- Generated by org.testng.reporters.JUnitReportReporter -->
<testsuite hostname="TRPL-PUN-0091" failures="0" tests="1" name="LicenseCompanyadmin.StatutoryTC" time="192.664" errors="0" timestamp="2024-10-23T11:56:32 IST" skipped="0">
  <testcase classname="LicenseCompanyadmin.StatutoryTC" name="Active" time="192.664"/>
  <system-out/>
</testsuite> <!-- LicenseCompanyadmin.StatutoryTC -->
