<?xml version="1.0" encoding="UTF-8"?>
<!-- Generated by org.testng.reporters.JUnitReportReporter -->
<testsuite hostname="ARPL-059" failures="0" tests="2" name="licenseImplemention.ImpInternalTC" time="72.700" errors="0" timestamp="2023-08-01T16:12:10 IST" skipped="0">
  <testcase classname="licenseImplemention.ImpInternalTC" name="Login" time="6.769"/>
  <system-out/>
  <testcase classname="licenseImplemention.ImpInternalTC" name="InternalAddNewAssignment" time="65.931"/>
  <system-out/>
</testsuite> <!-- licenseImplemention.ImpInternalTC -->
