<?xml version="1.0" encoding="UTF-8"?>
<!-- Generated by org.testng.reporters.JUnitReportReporter -->
<testsuite hostname="TRPL-PUN-0091" failures="0" tests="2" name="licenseManagement.licmgmtInternalTC" time="260.580" errors="0" timestamp="2024-02-22T19:20:26 IST" skipped="0">
  <testcase classname="licenseManagement.licmgmtInternalTC" name="BystatusActiveInternalgraph" time="128.426"/>
  <system-out/>
  <testcase classname="licenseManagement.licmgmtInternalTC" name="BystatusExpiredappliedbutnotrenewedInternalgraph" time="132.154"/>
  <system-out/>
</testsuite> <!-- licenseManagement.licmgmtInternalTC -->
