<?xml version="1.0" encoding="UTF-8"?>
<!-- Generated by org.testng.reporters.JUnitReportReporter -->
<testsuite hostname="ARPL-059" failures="0" tests="1" name="licenseReviewer.LicenseReviewerInternalTC" time="546.459" errors="0" timestamp="2023-10-19T17:38:05 IST" skipped="0">
  <testcase classname="licenseReviewer.LicenseReviewerInternalTC" name="MyReports" time="546.459"/>
  <system-out/>
</testsuite> <!-- licenseReviewer.LicenseReviewerInternalTC -->
