<?xml version="1.0" encoding="UTF-8"?>
<!-- Generated by org.testng.reporters.JUnitReportReporter -->
<testsuite hostname="ARPL-059" failures="0" tests="1" name="licenseManagement.licmgmtStatutoryTC" time="106.133" errors="0" timestamp="2023-10-30T17:26:01 IST" skipped="0">
  <testcase classname="licenseManagement.licmgmtStatutoryTC" name="Active" time="106.133"/>
  <system-out/>
</testsuite> <!-- licenseManagement.licmgmtStatutoryTC -->
