<?xml version="1.0" encoding="UTF-8"?>
<!-- Generated by org.testng.reporters.JUnitReportReporter -->
<testsuite hostname="ARPL-059" failures="0" tests="2" name="licenseReviewer.LicenseReviewerInternalTC" time="102.733" errors="0" timestamp="2023-06-13T16:12:45 IST" skipped="0">
  <testcase classname="licenseReviewer.LicenseReviewerInternalTC" name="Login" time="11.469"/>
  <system-out/>
  <testcase classname="licenseReviewer.LicenseReviewerInternalTC" name="MyDocuments" time="91.264"/>
  <system-out/>
</testsuite> <!-- licenseReviewer.LicenseReviewerInternalTC -->
