<?xml version="1.0" encoding="UTF-8"?>
<!-- Generated by org.testng.reporters.JUnitReportReporter -->
<testsuite hostname="TRPL-PUN-0091" failures="0" tests="1" name="licenseReviewer.LicenseReviewerInternalTC" time="247.318" errors="0" timestamp="2025-03-18T16:35:32 IST" skipped="0">
  <testcase classname="licenseReviewer.LicenseReviewerInternalTC" name="PendingForReviewInternalLicense" time="247.318"/>
  <system-out/>
</testsuite> <!-- licenseReviewer.LicenseReviewerInternalTC -->
