<?xml version="1.0" encoding="UTF-8"?>
<!-- Generated by org.testng.reporters.JUnitReportReporter -->
<testsuite hostname="ARPL-059" failures="0" tests="2" name="licenseCompanyadmin.StatutoryTC" time="28.700" errors="0" timestamp="2023-01-23T17:27:17 IST" skipped="0">
  <testcase classname="licenseCompanyadmin.StatutoryTC" name="Login" time="13.268"/>
  <system-out/>
  <testcase classname="licenseCompanyadmin.StatutoryTC" name="LicenseExpiringOnStatutory" time="15.432"/>
  <system-out/>
</testsuite> <!-- licenseCompanyadmin.StatutoryTC -->
