<?xml version="1.0" encoding="UTF-8"?>
<!-- Generated by org.testng.reporters.JUnitReportReporter -->
<testsuite hostname="TRPL-PUN-0091" failures="0" tests="1" name="licenseCompanyadmin.StatutoryTC" time="100.920" errors="0" timestamp="2024-08-21T18:57:09 IST" skipped="0">
  <testcase classname="licenseCompanyadmin.StatutoryTC" name="ActiveDashboardFilter" time="100.920"/>
  <system-out/>
</testsuite> <!-- licenseCompanyadmin.StatutoryTC -->
