<?xml version="1.0" encoding="UTF-8"?>
<!-- Generated by org.testng.reporters.JUnitReportReporter -->
<testsuite hostname="TRPL-PUN-0091" failures="0" tests="1" name="licenseAuditor.AuditorInternalTC" time="125.662" errors="0" timestamp="2025-01-09T15:36:11 IST" skipped="0">
  <testcase classname="licenseAuditor.AuditorInternalTC" name="ByLicensetypePendingForReviewInternal" time="125.662"/>
  <system-out/>
</testsuite> <!-- licenseAuditor.AuditorInternalTC -->
