<?xml version="1.0" encoding="UTF-8"?>
<!-- Generated by org.testng.reporters.JUnitReportReporter -->
<testsuite hostname="TRPL-PUN-0091" failures="0" tests="1" name="licenseCompanyadmin.InternalTC" time="120.354" errors="0" timestamp="2024-08-21T20:42:49 IST" skipped="0">
  <testcase classname="licenseCompanyadmin.InternalTC" name="InternlAppliedDashboardFilter" time="120.354"/>
  <system-out/>
</testsuite> <!-- licenseCompanyadmin.InternalTC -->
