<?xml version="1.0" encoding="UTF-8"?>
<!-- Generated by org.testng.reporters.JUnitReportReporter -->
<testsuite hostname="TRPL-PUN-0091" failures="0" tests="1" name="licenseReviewer.LicenseReviewerInternalTC" time="226.234" errors="0" timestamp="2024-11-15T19:15:29 IST" skipped="0">
  <testcase classname="licenseReviewer.LicenseReviewerInternalTC" name="PendingForReviewInternalLicense" time="226.234"/>
  <system-out/>
</testsuite> <!-- licenseReviewer.LicenseReviewerInternalTC -->
