<?xml version="1.0" encoding="UTF-8"?>
<!-- Generated by org.testng.reporters.JUnitReportReporter -->
<testsuite hostname="TRPL-PUN-0091" failures="0" tests="1" name="licensePerformer.LicensePerformerInternal" time="394.833" errors="0" timestamp="2024-02-26T17:47:00 IST" skipped="0">
  <testcase classname="licensePerformer.LicensePerformerInternal" name="MyReports" time="394.833"/>
  <system-out/>
</testsuite> <!-- licensePerformer.LicensePerformerInternal -->
