<?xml version="1.0" encoding="UTF-8"?>
<!-- Generated by org.testng.reporters.JUnitReportReporter -->
<testsuite hostname="TRPL-PUN-0091" failures="0" tests="1" name="licenseManagement.licmgmtInternalTC" time="391.251" errors="0" timestamp="2024-02-28T13:35:06 IST" skipped="0">
  <testcase classname="licenseManagement.licmgmtInternalTC" name="MyReports" time="391.251"/>
  <system-out/>
</testsuite> <!-- licenseManagement.licmgmtInternalTC -->
