<?xml version="1.0" encoding="UTF-8"?>
<!-- Generated by org.testng.reporters.JUnitReportReporter -->
<testsuite hostname="ARPL-059" failures="0" tests="4" name="LicenseCompanyadmin.InternalTC" time="106.975" errors="0" timestamp="2023-01-05T15:19:13 IST" skipped="0">
  <testcase classname="LicenseCompanyadmin.InternalTC" name="Login" time="28.223"/>
  <system-out/>
  <testcase classname="LicenseCompanyadmin.InternalTC" name="AllFilter" time="10.751"/>
  <system-out/>
  <testcase classname="LicenseCompanyadmin.InternalTC" name="RejectedInternalInternalLicense" time="43.625"/>
  <system-out/>
  <testcase classname="LicenseCompanyadmin.InternalTC" name="TerminateInternalInternalLicense" time="24.376"/>
  <system-out/>
</testsuite> <!-- LicenseCompanyadmin.InternalTC -->
