<?xml version="1.0" encoding="UTF-8"?>
<!-- Generated by org.testng.reporters.JUnitReportReporter -->
<testsuite hostname="TRPL-PUN-0091" failures="0" tests="1" name="licensePerformer.LicensePerformerStatutory" time="395.119" errors="0" timestamp="2024-02-26T16:58:09 IST" skipped="0">
  <testcase classname="licensePerformer.LicensePerformerStatutory" name="MyReports" time="395.119"/>
  <system-out/>
</testsuite> <!-- licensePerformer.LicensePerformerStatutory -->
