<?xml version="1.0" encoding="UTF-8"?>
<!-- Generated by org.testng.reporters.JUnitReportReporter -->
<testsuite hostname="TRPL-PUN-0091" failures="0" tests="9" name="licenseImplemention.ImpstatutoryTC" time="13.750" errors="1" timestamp="2024-07-24T13:13:08 IST" skipped="8">
  <testcase classname="licenseImplemention.ImpstatutoryTC" name="setBrowser" time="13.750">
    <error message="java.lang.NumberFormatException: For input string: &quot;public&quot;" type="io.github.bonigarcia.wdm.config.WebDriverManagerException">
      <![CDATA[io.github.bonigarcia.wdm.config.WebDriverManagerException: java.lang.NumberFormatException: For input string: "public"
at io.github.bonigarcia.wdm.WebDriverManager.handleException(WebDriverManager.java:1435)
at io.github.bonigarcia.wdm.WebDriverManager.manage(WebDriverManager.java:1195)
at io.github.bonigarcia.wdm.WebDriverManager.fallback(WebDriverManager.java:1451)
at io.github.bonigarcia.wdm.WebDriverManager.handleException(WebDriverManager.java:1432)
at io.github.bonigarcia.wdm.WebDriverManager.manage(WebDriverManager.java:1195)
at io.github.bonigarcia.wdm.WebDriverManager.handleException(WebDriverManager.java:1425)
at io.github.bonigarcia.wdm.WebDriverManager.manage(WebDriverManager.java:1195)
at io.github.bonigarcia.wdm.WebDriverManager.setup(WebDriverManager.java:427)
at login.Login1.BrowserSetup(Login1.java:23)
at licenseImplemention.ImpstatutoryTC.setBrowser(ImpstatutoryTC.java:70)
at java.base/jdk.internal.reflect.NativeMethodAccessorImpl.invoke0(Native Method)
at java.base/jdk.internal.reflect.NativeMethodAccessorImpl.invoke(NativeMethodAccessorImpl.java:77)
at java.base/jdk.internal.reflect.DelegatingMethodAccessorImpl.invoke(DelegatingMethodAccessorImpl.java:43)
at java.base/java.lang.reflect.Method.invoke(Method.java:568)
at org.testng.internal.MethodInvocationHelper.invokeMethod(MethodInvocationHelper.java:133)
at org.testng.internal.MethodInvocationHelper.invokeMethodConsideringTimeout(MethodInvocationHelper.java:62)
at org.testng.internal.ConfigInvoker.invokeConfigurationMethod(ConfigInvoker.java:385)
at org.testng.internal.ConfigInvoker.invokeConfigurations(ConfigInvoker.java:321)
at org.testng.TestRunner.invokeTestConfigurations(TestRunner.java:637)
at org.testng.TestRunner.beforeRun(TestRunner.java:627)
at org.testng.TestRunner.run(TestRunner.java:589)
at org.testng.SuiteRunner.runTest(SuiteRunner.java:377)
at org.testng.SuiteRunner.runSequentially(SuiteRunner.java:371)
at org.testng.SuiteRunner.privateRun(SuiteRunner.java:332)
at org.testng.SuiteRunner.run(SuiteRunner.java:276)
at org.testng.SuiteRunnerWorker.runSuite(SuiteRunnerWorker.java:53)
at org.testng.SuiteRunnerWorker.run(SuiteRunnerWorker.java:96)
at org.testng.TestNG.runSuitesSequentially(TestNG.java:1212)
at org.testng.TestNG.runSuitesLocally(TestNG.java:1134)
at org.testng.TestNG.runSuites(TestNG.java:1063)
at org.testng.TestNG.run(TestNG.java:1031)
at org.testng.remote.AbstractRemoteTestNG.run(AbstractRemoteTestNG.java:115)
at org.testng.remote.RemoteTestNG.initAndRun(RemoteTestNG.java:251)
at org.testng.remote.RemoteTestNG.main(RemoteTestNG.java:77)
Caused by: java.lang.NumberFormatException: For input string: "public"
at java.base/java.lang.NumberFormatException.forInputString(NumberFormatException.java:67)
at java.base/java.lang.Integer.parseInt(Integer.java:668)
at java.base/java.lang.Integer.parseInt(Integer.java:786)
at io.github.bonigarcia.wdm.managers.ChromeDriverManager.buildUrl(ChromeDriverManager.java:178)
at io.github.bonigarcia.wdm.managers.ChromeDriverManager.buildUrl(ChromeDriverManager.java:155)
at io.github.bonigarcia.wdm.WebDriverManager.download(WebDriverManager.java:1272)
at io.github.bonigarcia.wdm.WebDriverManager.manage(WebDriverManager.java:1189)
... 32 more
]]>
    </error>
  </testcase> <!-- setBrowser -->
  <system-out/>
  <testcase classname="licenseImplemention.ImpstatutoryTC" name="Login" time="0.000">
    <skipped/>
  </testcase> <!-- Login -->
  <system-out/>
  <testcase classname="licenseImplemention.ImpstatutoryTC" name="CompliancemappingExport" time="0.000">
    <skipped/>
  </testcase> <!-- CompliancemappingExport -->
  <system-out/>
  <testcase classname="licenseImplemention.ImpstatutoryTC" name="StatutoryLicenseCreation" time="0.000">
    <skipped/>
  </testcase> <!-- StatutoryLicenseCreation -->
  <system-out/>
  <testcase classname="licenseImplemention.ImpstatutoryTC" name="StatutoryAddNewAssignment" time="0.000">
    <skipped/>
  </testcase> <!-- StatutoryAddNewAssignment -->
  <system-out/>
  <testcase classname="licenseImplemention.ImpstatutoryTC" name="Licenselist" time="0.000">
    <skipped/>
  </testcase> <!-- Licenselist -->
  <system-out/>
  <testcase classname="licenseImplemention.ImpstatutoryTC" name="Entitesassignment" time="0.000">
    <skipped/>
  </testcase> <!-- Entitesassignment -->
  <system-out/>
  <testcase classname="licenseImplemention.ImpstatutoryTC" name="Appliedlicensecreation" time="0.000">
    <skipped/>
  </testcase> <!-- Appliedlicensecreation -->
  <system-out/>
  <testcase classname="licenseImplemention.ImpstatutoryTC" name="IsPermanentLicense" time="0.000">
    <skipped/>
  </testcase> <!-- IsPermanentLicense -->
  <system-out/>
</testsuite> <!-- licenseImplemention.ImpstatutoryTC -->
