<?xml version="1.0" encoding="UTF-8"?>
<!-- Generated by org.testng.reporters.JUnitReportReporter -->
<testsuite hostname="TRPL-PUN-0091" failures="0" tests="1" name="licenseManagement.licmgmtInternalTC" time="62.502" errors="0" timestamp="2025-02-10T17:13:03 IST" skipped="0">
  <testcase classname="licenseManagement.licmgmtInternalTC" name="DashboardandReportCountMatch" time="62.502"/>
  <system-out/>
</testsuite> <!-- licenseManagement.licmgmtInternalTC -->
