<?xml version="1.0" encoding="UTF-8"?>
<!-- Generated by org.testng.reporters.JUnitReportReporter -->
<testsuite hostname="TRPL-PUN-0091" failures="0" tests="1" name="LicenseCriticalTestCase.mgmtstatutoryCriticalTC" time="121.830" errors="0" timestamp="2024-08-05T14:35:00 IST" skipped="0">
  <testcase classname="LicenseCriticalTestCase.mgmtstatutoryCriticalTC" name="MyDocuments" time="121.830"/>
  <system-out/>
</testsuite> <!-- LicenseCriticalTestCase.mgmtstatutoryCriticalTC -->
