<?xml version="1.0" encoding="UTF-8"?>
<!-- Generated by org.testng.reporters.JUnitReportReporter -->
<testsuite hostname="ARPL-059" failures="0" tests="1" name="licenseCompanyadmin.StatutoryTC" time="73.435" errors="0" timestamp="2023-10-06T15:59:03 IST" skipped="0">
  <testcase classname="licenseCompanyadmin.StatutoryTC" name="MyDocuments" time="73.435"/>
  <system-out/>
</testsuite> <!-- licenseCompanyadmin.StatutoryTC -->
