<?xml version="1.0" encoding="UTF-8"?>
<!-- Generated by org.testng.reporters.JUnitReportReporter -->
<testsuite hostname="ARPL-059" failures="0" tests="1" name="licensePerformer.LicensePerformerStatutory" time="101.687" errors="0" timestamp="2023-07-04T15:18:30 IST" skipped="0">
  <testcase classname="licensePerformer.LicensePerformerStatutory" name="TerminateCount" time="101.687"/>
  <system-out/>
</testsuite> <!-- licensePerformer.LicensePerformerStatutory -->
