<?xml version="1.0" encoding="UTF-8"?>
<!-- Generated by org.testng.reporters.JUnitReportReporter -->
<testsuite hostname="TRPL-PUN-0091" failures="0" tests="1" name="licenseManagement.licmgmtStatutoryTC" time="393.410" errors="0" timestamp="2024-02-28T13:22:40 IST" skipped="0">
  <testcase classname="licenseManagement.licmgmtStatutoryTC" name="MyReports" time="393.410"/>
  <system-out/>
</testsuite> <!-- licenseManagement.licmgmtStatutoryTC -->
