<?xml version="1.0" encoding="UTF-8"?>
<!-- Generated by org.testng.reporters.JUnitReportReporter -->
<testsuite hostname="TRPL-PUN-0091" failures="0" tests="15" name="LicenseCriticalTestCase.PerformerInternalCriticalTC" time="471.775" errors="1" timestamp="2024-06-04T08:25:12 IST" skipped="13">
  <testcase classname="LicenseCriticalTestCase.PerformerInternalCriticalTC" name="driverclose" time="43.136">
    <error message="Cannot invoke &quot;org.openqa.selenium.WebDriver.close()&quot; because &quot;LicenseCriticalTestCase.PerformerInternalCriticalTC.driver&quot; is null" type="java.lang.NullPointerException">
      <![CDATA[java.lang.NullPointerException: Cannot invoke "org.openqa.selenium.WebDriver.close()" because "LicenseCriticalTestCase.PerformerInternalCriticalTC.driver" is null
at LicenseCriticalTestCase.PerformerInternalCriticalTC.driverclose(PerformerInternalCriticalTC.java:431)
at java.base/jdk.internal.reflect.NativeMethodAccessorImpl.invoke0(Native Method)
at java.base/jdk.internal.reflect.NativeMethodAccessorImpl.invoke(NativeMethodAccessorImpl.java:77)
at java.base/jdk.internal.reflect.DelegatingMethodAccessorImpl.invoke(DelegatingMethodAccessorImpl.java:43)
at java.base/java.lang.reflect.Method.invoke(Method.java:568)
at org.testng.internal.MethodInvocationHelper.invokeMethod(MethodInvocationHelper.java:133)
at org.testng.internal.MethodInvocationHelper.invokeMethodConsideringTimeout(MethodInvocationHelper.java:62)
at org.testng.internal.ConfigInvoker.invokeConfigurationMethod(ConfigInvoker.java:385)
at org.testng.internal.ConfigInvoker.invokeConfigurations(ConfigInvoker.java:321)
at org.testng.internal.TestInvoker.runConfigMethods(TestInvoker.java:700)
at org.testng.internal.TestInvoker.runAfterGroupsConfigurations(TestInvoker.java:676)
at org.testng.internal.TestInvoker.invokeMethod(TestInvoker.java:660)
at org.testng.internal.TestInvoker.invokeTestMethod(TestInvoker.java:173)
at org.testng.internal.MethodRunner.runInSequence(MethodRunner.java:46)
at org.testng.internal.TestInvoker$MethodInvocationAgent.invoke(TestInvoker.java:824)
at org.testng.internal.TestInvoker.invokeTestMethods(TestInvoker.java:146)
at org.testng.internal.TestMethodWorker.invokeTestMethods(TestMethodWorker.java:146)
at org.testng.internal.TestMethodWorker.run(TestMethodWorker.java:128)
at java.base/java.util.ArrayList.forEach(ArrayList.java:1511)
at org.testng.TestRunner.privateRun(TestRunner.java:794)
at org.testng.TestRunner.run(TestRunner.java:596)
at org.testng.SuiteRunner.runTest(SuiteRunner.java:377)
at org.testng.SuiteRunner.runSequentially(SuiteRunner.java:371)
at org.testng.SuiteRunner.privateRun(SuiteRunner.java:332)
at org.testng.SuiteRunner.run(SuiteRunner.java:276)
at org.testng.SuiteRunnerWorker.runSuite(SuiteRunnerWorker.java:53)
at org.testng.SuiteRunnerWorker.run(SuiteRunnerWorker.java:96)
at org.testng.TestNG.runSuitesSequentially(TestNG.java:1212)
at org.testng.TestNG.runSuitesLocally(TestNG.java:1134)
at org.testng.TestNG.runSuites(TestNG.java:1063)
at org.testng.TestNG.run(TestNG.java:1031)
at org.testng.remote.AbstractRemoteTestNG.run(AbstractRemoteTestNG.java:115)
at org.testng.remote.RemoteTestNG.initAndRun(RemoteTestNG.java:251)
at org.testng.remote.RemoteTestNG.main(RemoteTestNG.java:77)
]]>
    </error>
  </testcase> <!-- driverclose -->
  <system-out/>
  <testcase classname="LicenseCriticalTestCase.PerformerInternalCriticalTC" name="Active" time="428.639"/>
  <system-out/>
  <testcase classname="LicenseCriticalTestCase.PerformerInternalCriticalTC" name="ActivePerform" time="0.000">
    <skipped/>
  </testcase> <!-- ActivePerform -->
  <system-out/>
  <testcase classname="LicenseCriticalTestCase.PerformerInternalCriticalTC" name="Expiring" time="0.000">
    <skipped/>
  </testcase> <!-- Expiring -->
  <system-out/>
  <testcase classname="LicenseCriticalTestCase.PerformerInternalCriticalTC" name="ExpiringPerform" time="0.000">
    <skipped/>
  </testcase> <!-- ExpiringPerform -->
  <system-out/>
  <testcase classname="LicenseCriticalTestCase.PerformerInternalCriticalTC" name="Expired" time="0.000">
    <skipped/>
  </testcase> <!-- Expired -->
  <system-out/>
  <testcase classname="LicenseCriticalTestCase.PerformerInternalCriticalTC" name="ExpiredPerform" time="0.000">
    <skipped/>
  </testcase> <!-- ExpiredPerform -->
  <system-out/>
  <testcase classname="LicenseCriticalTestCase.PerformerInternalCriticalTC" name="Applied" time="0.000">
    <skipped/>
  </testcase> <!-- Applied -->
  <system-out/>
  <testcase classname="LicenseCriticalTestCase.PerformerInternalCriticalTC" name="PendingForReviewInternalLicense" time="0.000">
    <skipped/>
  </testcase> <!-- PendingForReviewInternalLicense -->
  <system-out/>
  <testcase classname="LicenseCriticalTestCase.PerformerInternalCriticalTC" name="RejectedInternalLicense" time="0.000">
    <skipped/>
  </testcase> <!-- RejectedInternalLicense -->
  <system-out/>
  <testcase classname="LicenseCriticalTestCase.PerformerInternalCriticalTC" name="TerminateInternalInternalLicense" time="0.000">
    <skipped/>
  </testcase> <!-- TerminateInternalInternalLicense -->
  <system-out/>
  <testcase classname="LicenseCriticalTestCase.PerformerInternalCriticalTC" name="Myworkspace" time="0.000">
    <skipped/>
  </testcase> <!-- Myworkspace -->
  <system-out/>
  <testcase classname="LicenseCriticalTestCase.PerformerInternalCriticalTC" name="MyDocuments" time="0.000">
    <skipped/>
  </testcase> <!-- MyDocuments -->
  <system-out/>
  <testcase classname="LicenseCriticalTestCase.PerformerInternalCriticalTC" name="MyReports" time="0.000">
    <skipped/>
  </testcase> <!-- MyReports -->
  <system-out/>
  <testcase classname="LicenseCriticalTestCase.PerformerInternalCriticalTC" name="AssignedButNotActivated" time="0.000">
    <skipped/>
  </testcase> <!-- AssignedButNotActivated -->
  <system-out/>
</testsuite> <!-- LicenseCriticalTestCase.PerformerInternalCriticalTC -->
