<?xml version="1.0" encoding="UTF-8"?>
<!-- Generated by org.testng.reporters.JUnitReportReporter -->
<testsuite hostname="ARPL-059" failures="0" tests="2" name="LicenseCompanyadmin.StatutoryTC" time="89.549" errors="0" timestamp="2023-01-05T13:51:28 IST" skipped="0">
  <testcase classname="LicenseCompanyadmin.StatutoryTC" name="Login" time="15.945"/>
  <system-out/>
  <testcase classname="LicenseCompanyadmin.StatutoryTC" name="BylicnesetypeTerminate" time="73.604"/>
  <system-out/>
</testsuite> <!-- LicenseCompanyadmin.StatutoryTC -->
