<?xml version="1.0" encoding="UTF-8"?>
<!-- Generated by org.testng.reporters.JUnitReportReporter -->
<testsuite hostname="ARPL-059" failures="0" tests="1" name="licenseManagement.licmgmtInternalTC" time="105.897" errors="0" timestamp="2023-07-20T00:30:06 IST" skipped="0">
  <testcase classname="licenseManagement.licmgmtInternalTC" name="ByLicensetypeExpiringInternal" time="105.897"/>
  <system-out/>
</testsuite> <!-- licenseManagement.licmgmtInternalTC -->
