<?xml version="1.0" encoding="UTF-8"?>
<!-- Generated by org.testng.reporters.JUnitReportReporter -->
<testsuite hostname="ARPL-059" failures="0" tests="2" name="licenseImplemention.ImpstatutoryTC" time="42.487" errors="0" timestamp="2023-07-25T17:36:10 IST" skipped="0">
  <testcase classname="licenseImplemention.ImpstatutoryTC" name="Login" time="8.939"/>
  <system-out/>
  <testcase classname="licenseImplemention.ImpstatutoryTC" name="Licenselist" time="33.548"/>
  <system-out/>
</testsuite> <!-- licenseImplemention.ImpstatutoryTC -->
