<?xml version="1.0" encoding="UTF-8"?>
<!-- Generated by org.testng.reporters.JUnitReportReporter -->
<testsuite hostname="ARPL-059" failures="0" tests="1" name="LicenseCritical.InternalCriticalTC" time="64.922" errors="0" timestamp="2023-11-08T19:30:21 IST" skipped="0">
  <testcase classname="LicenseCritical.InternalCriticalTC" name="MyReports" time="64.922"/>
  <system-out/>
</testsuite> <!-- LicenseCritical.InternalCriticalTC -->
