<?xml version="1.0" encoding="UTF-8"?>
<!-- Generated by org.testng.reporters.JUnitReportReporter -->
<testsuite hostname="ARPL-059" failures="0" tests="2" name="licensePerformer.LicensePerformerInternal" time="107.416" errors="0" timestamp="2023-06-14T10:53:47 IST" skipped="0">
  <testcase classname="licensePerformer.LicensePerformerInternal" name="MyDocuments" time="97.638"/>
  <system-out/>
  <testcase classname="licensePerformer.LicensePerformerInternal" name="Login" time="9.778"/>
  <system-out/>
</testsuite> <!-- licensePerformer.LicensePerformerInternal -->
