<?xml version="1.0" encoding="UTF-8"?>
<!-- Generated by org.testng.reporters.JUnitReportReporter -->
<testsuite hostname="TRPL-PUN-0091" failures="0" tests="1" name="licenseDepartmentHead.DeptHeadInternalTC" time="314.818" errors="0" timestamp="2025-01-10T18:40:26 IST" skipped="0">
  <testcase classname="licenseDepartmentHead.DeptHeadInternalTC" name="MyReports" time="314.818"/>
  <system-out/>
</testsuite> <!-- licenseDepartmentHead.DeptHeadInternalTC -->
