<?xml version="1.0" encoding="UTF-8"?>
<!-- Generated by org.testng.reporters.JUnitReportReporter -->
<testsuite hostname="TRPL-PUN-0091" failures="0" tests="1" name="licensePerformer.LicensePerformerStatutory" time="167.675" errors="0" timestamp="2024-12-09T18:34:34 IST" skipped="0">
  <testcase classname="licensePerformer.LicensePerformerStatutory" name="MyDocuments" time="167.675"/>
  <system-out/>
</testsuite> <!-- licensePerformer.LicensePerformerStatutory -->
