<?xml version="1.0" encoding="UTF-8"?>
<!-- Generated by org.testng.reporters.JUnitReportReporter -->
<testsuite hostname="ARPL-059" failures="0" tests="2" name="licensePerformer.LicensePerformerStatutory" time="54.159" errors="0" timestamp="2023-01-16T17:06:44 IST" skipped="0">
  <testcase classname="licensePerformer.LicensePerformerStatutory" name="Login" time="12.619"/>
  <system-out/>
  <testcase classname="licensePerformer.LicensePerformerStatutory" name="Expired" time="41.540"/>
  <system-out/>
</testsuite> <!-- licensePerformer.LicensePerformerStatutory -->
