<?xml version="1.0" encoding="UTF-8"?>
<!-- Generated by org.testng.reporters.JUnitReportReporter -->
<testsuite hostname="TRPL-PUN-0091" failures="0" tests="1" name="licenseCompanyadmin.InternalTC" time="489.923" errors="0" timestamp="2024-02-26T18:44:27 IST" skipped="0">
  <testcase classname="licenseCompanyadmin.InternalTC" name="MyReports" time="489.923"/>
  <system-out/>
</testsuite> <!-- licenseCompanyadmin.InternalTC -->
