<?xml version="1.0" encoding="UTF-8"?>
<!-- Generated by org.testng.reporters.JUnitReportReporter -->
<testsuite hostname="ARPL-059" failures="0" tests="1" name="licensePerformer.LicensePerformerStatutory" time="53.579" errors="0" timestamp="2023-11-04T16:14:00 IST" skipped="0">
  <testcase classname="licensePerformer.LicensePerformerStatutory" name="ActivePerform" time="53.579"/>
  <system-out/>
</testsuite> <!-- licensePerformer.LicensePerformerStatutory -->
