<?xml version="1.0" encoding="UTF-8"?>
<!-- Generated by org.testng.reporters.JUnitReportReporter -->
<testsuite hostname="ARPL-059" failures="0" tests="2" name="licenseCompanyadmin.InternalTC" time="54.768" errors="0" timestamp="2023-06-07T14:59:31 IST" skipped="0">
  <testcase classname="licenseCompanyadmin.InternalTC" name="Login" time="14.155"/>
  <system-out/>
  <testcase classname="licenseCompanyadmin.InternalTC" name="LicenseExpiredOnInternal" time="40.613"/>
  <system-out/>
</testsuite> <!-- licenseCompanyadmin.InternalTC -->
