<?xml version="1.0" encoding="UTF-8"?>
<!-- Generated by org.testng.reporters.JUnitReportReporter -->
<testsuite hostname="ARPL-059" failures="0" tests="1" name="licenseManagement.licmgmtStatutoryTC" time="82.267" errors="0" timestamp="2023-10-06T16:12:22 IST" skipped="0">
  <testcase classname="licenseManagement.licmgmtStatutoryTC" name="MyDocuments" time="82.267"/>
  <system-out/>
</testsuite> <!-- licenseManagement.licmgmtStatutoryTC -->
